<?xml version="1.0" encoding="UTF-8"?>
<testng-results ignored="0" total="2" passed="2" failed="0" skipped="0">
  <reporter-output>
  </reporter-output>
  <suite started-at="2022-07-06T17:02:10 IST" name="Suite" finished-at="2022-07-06T17:02:20 IST" duration-ms="10050">
    <groups>
    </groups>
    <test started-at="2022-07-06T17:02:10 IST" name="Test" finished-at="2022-07-06T17:02:20 IST" duration-ms="10050">
      <class name="anz.Calculator">
        <test-method is-config="true" signature="initialize()[pri:0, instance:anz.Calculator@342c38f8]" started-at="2022-07-06T17:02:10 IST" name="initialize" finished-at="2022-07-06T17:02:15 IST" duration-ms="5556" status="PASS">
          <reporter-output>
          </reporter-output>
        </test-method> <!-- initialize -->
        <test-method signature="basePageNavigation(java.lang.String,java.lang.String,java.lang.String,java.lang.String,java.lang.String,java.lang.String,java.lang.String,java.lang.String,java.lang.String)[pri:0, instance:anz.Calculator@342c38f8]" started-at="2022-07-06T17:02:15 IST" name="basePageNavigation" data-provider="getData" finished-at="2022-07-06T17:02:18 IST" duration-ms="2797" status="PASS">
          <params>
            <param index="0">
              <value>
                <![CDATA[80000]]>
              </value>
            </param>
            <param index="1">
              <value>
                <![CDATA[10000]]>
              </value>
            </param>
            <param index="2">
              <value>
                <![CDATA[500]]>
              </value>
            </param>
            <param index="3">
              <value>
                <![CDATA[20000]]>
              </value>
            </param>
            <param index="4">
              <value>
                <![CDATA[500]]>
              </value>
            </param>
            <param index="5">
              <value>
                <![CDATA[0]]>
              </value>
            </param>
            <param index="6">
              <value>
                <![CDATA[1000]]>
              </value>
            </param>
            <param index="7">
              <value>
                <![CDATA[0]]>
              </value>
            </param>
            <param index="8">
              <value>
                <![CDATA[10000]]>
              </value>
            </param>
          </params>
          <reporter-output>
          </reporter-output>
        </test-method> <!-- basePageNavigation -->
        <test-method signature="validateMessageForLivingExpense()[pri:0, instance:anz.Calculator@342c38f8]" started-at="2022-07-06T17:02:18 IST" name="validateMessageForLivingExpense" finished-at="2022-07-06T17:02:20 IST" duration-ms="1531" status="PASS">
          <reporter-output>
          </reporter-output>
        </test-method> <!-- validateMessageForLivingExpense -->
        <test-method is-config="true" signature="closeWindow()[pri:0, instance:anz.Calculator@342c38f8]" started-at="2022-07-06T17:02:20 IST" name="closeWindow" finished-at="2022-07-06T17:02:20 IST" duration-ms="133" status="PASS">
          <reporter-output>
          </reporter-output>
        </test-method> <!-- closeWindow -->
      </class> <!-- anz.Calculator -->
    </test> <!-- Test -->
  </suite> <!-- Suite -->
</testng-results>
